18/12/2023 3:59:01 pm	This log contains information about the import schema operation into project 'SQLDatabaseAutoDeploy' on computer 'MUHAMMAD-ASLAM' by user 'Aslam'.
18/12/2023 3:59:02 pm	Import of database schema has started.
18/12/2023 3:59:07 pm	Gathering database credentials
18/12/2023 3:59:07 pm	Gathering database options
18/12/2023 3:59:07 pm	Gathering generic database scoped configuration option
18/12/2023 3:59:07 pm	Gathering users
18/12/2023 3:59:07 pm	Gathering roles
18/12/2023 3:59:07 pm	Gathering application roles
18/12/2023 3:59:07 pm	Gathering role memberships
18/12/2023 3:59:07 pm	Gathering filegroups
18/12/2023 3:59:07 pm	Gathering full-text catalogs
18/12/2023 3:59:07 pm	Gathering assemblies
18/12/2023 3:59:07 pm	Gathering certificates
18/12/2023 3:59:07 pm	Gathering asymmetric keys
18/12/2023 3:59:07 pm	Gathering symmetric keys
18/12/2023 3:59:07 pm	Gathering encrypted symmetric keys
18/12/2023 3:59:07 pm	Gathering schemas
18/12/2023 3:59:07 pm	Gathering XML schema collections
18/12/2023 3:59:07 pm	Gathering user-defined data types
18/12/2023 3:59:07 pm	Gathering user-defined types
18/12/2023 3:59:07 pm	Gathering table types
18/12/2023 3:59:07 pm	Gathering unique keys for table types
18/12/2023 3:59:07 pm	Gathering primary keys for table types
18/12/2023 3:59:07 pm	Gathering indexes for table types
18/12/2023 3:59:07 pm	Gathering check constraints for table types
18/12/2023 3:59:07 pm	Gathering default constraints for table types
18/12/2023 3:59:07 pm	Gathering partition functions
18/12/2023 3:59:07 pm	Gathering partition schemes
18/12/2023 3:59:07 pm	Gathering functions
18/12/2023 3:59:07 pm	Gathering encrypted functions
18/12/2023 3:59:07 pm	Gathering aggregates
18/12/2023 3:59:07 pm	Gathering procedures
18/12/2023 3:59:07 pm	Gathering encrypted procedures
18/12/2023 3:59:07 pm	Gathering tables
18/12/2023 3:59:07 pm	Gathering primary keys
18/12/2023 3:59:07 pm	Gathering unique constraints
18/12/2023 3:59:07 pm	Gathering foreign keys
18/12/2023 3:59:07 pm	Gathering default constraints
18/12/2023 3:59:07 pm	Gathering check constraints
18/12/2023 3:59:07 pm	Gathering views
18/12/2023 3:59:07 pm	Gathering encrypted views
18/12/2023 3:59:07 pm	Gathering indexes
18/12/2023 3:59:07 pm	Gathering statistics
18/12/2023 3:59:07 pm	Gathering full-text index stoplists
18/12/2023 3:59:07 pm	Gathering search property lists
18/12/2023 3:59:07 pm	Gathering search properties
18/12/2023 3:59:07 pm	Gathering full-text indexes
18/12/2023 3:59:07 pm	Gathering column store indexes
18/12/2023 3:59:07 pm	Gathering spatial indexes
18/12/2023 3:59:07 pm	Gathering XML indexes
18/12/2023 3:59:07 pm	Gathering Selective XML indexes
18/12/2023 3:59:07 pm	Gathering encrypted triggers
18/12/2023 3:59:07 pm	Gathering triggers
18/12/2023 3:59:07 pm	Gathering encrypted and clr ddl triggers
18/12/2023 3:59:07 pm	Gathering ddl triggers
18/12/2023 3:59:07 pm	Creating edge constraints
18/12/2023 3:59:07 pm	Gathering synonyms
18/12/2023 3:59:07 pm	Gathering defaults
18/12/2023 3:59:07 pm	Gathering data constraint uddt bindings
18/12/2023 3:59:07 pm	Gathering rules
18/12/2023 3:59:07 pm	Gathering data constraint uddt bindings
18/12/2023 3:59:07 pm	Gathering message types
18/12/2023 3:59:07 pm	Gathering queues
18/12/2023 3:59:07 pm	Gathering contracts
18/12/2023 3:59:07 pm	Gathering services
18/12/2023 3:59:07 pm	Gathering event notifications
18/12/2023 3:59:07 pm	Gathering remote service bindings
18/12/2023 3:59:07 pm	Gathering broker priorities
18/12/2023 3:59:07 pm	Gathering signatures
18/12/2023 3:59:07 pm	Gathering data compression options
18/12/2023 3:59:07 pm	Gathering sequence types
18/12/2023 3:59:07 pm	Gathering security policies
18/12/2023 3:59:07 pm	Gather column encryption keys
18/12/2023 3:59:07 pm	Gathering column master keys
18/12/2023 3:59:07 pm	Gathering external data sources
18/12/2023 3:59:07 pm	Gathering external file formats
18/12/2023 3:59:07 pm	Gathering external tables
18/12/2023 3:59:07 pm	Gathering extended properties
18/12/2023 3:59:07 pm	Gathering assemblies
18/12/2023 3:59:08 pm	Gathering credentials
18/12/2023 3:59:08 pm	Gathering logins
18/12/2023 3:59:08 pm	Gathering server audits
18/12/2023 3:59:08 pm	An exception was encountered while attempting to retrieve the default data path: ''.  As a result, absolute paths may appear in ADD FILE statements.
18/12/2023 3:59:08 pm	Scanning project for duplicate elements
18/12/2023 3:59:08 pm	Finished duplicate element processing
18/12/2023 3:59:10 pm	Finished importing database.
18/12/2023 3:59:10 pm	A summary of the import was saved to the following location: C:\Users\Aslam\Documents\SQLDatabaseAutoDeploy\Import Schema Logs\SQLDatabaseAutoDeplo_20231218105901.log
18/12/2023 3:59:10 pm	Click Finish to continue...
